<?xml version="1.0" encoding="UTF-8"?>
<!-- Generated by org.testng.reporters.JUnitReportReporter -->
<testsuite hostname="DESKTOP-AOSUSBL" failures="0" tests="1" name="com.crm.qa.testcases.LoginPageTest" time="15.235" errors="0" timestamp="30 Nov 2019 08:52:23 GMT" skipped="0">
  <testcase classname="com.crm.qa.testcases.LoginPageTest" name="loginTest" time="15.235"/>
</testsuite> <!-- com.crm.qa.testcases.LoginPageTest -->
